<testsuites id="" name="" tests="10" failures="0" skipped="0" errors="0" time="13.551608000010251">
<testsuite name="api/admins.spec.ts" timestamp="1669793995075" hostname="" tests="10" failures="0" skipped="0" time="11.634" errors="0">
<testcase name="admin api test get admin report overview" classname="[chromium] › api/admins.spec.ts › admin api test › get admin report overview" time="3.028">
<system-out>
<![CDATA[{
  labels: [
    [32m'2022-11-01'[39m, [32m'2022-11-02'[39m, [32m'2022-11-03'[39m,
    [32m'2022-11-04'[39m, [32m'2022-11-05'[39m, [32m'2022-11-06'[39m,
    [32m'2022-11-07'[39m, [32m'2022-11-08'[39m, [32m'2022-11-09'[39m,
    [32m'2022-11-10'[39m, [32m'2022-11-11'[39m, [32m'2022-11-12'[39m,
    [32m'2022-11-13'[39m, [32m'2022-11-14'[39m, [32m'2022-11-15'[39m,
    [32m'2022-11-16'[39m, [32m'2022-11-17'[39m, [32m'2022-11-18'[39m,
    [32m'2022-11-19'[39m, [32m'2022-11-20'[39m, [32m'2022-11-21'[39m,
    [32m'2022-11-22'[39m, [32m'2022-11-23'[39m, [32m'2022-11-24'[39m,
    [32m'2022-11-25'[39m, [32m'2022-11-26'[39m, [32m'2022-11-27'[39m,
    [32m'2022-11-28'[39m, [32m'2022-11-29'[39m, [32m'2022-11-30'[39m
  ],
  datasets: [
    {
      label: [32m'Total Sales'[39m,
      borderColor: [32m'#3498db'[39m,
      fill: [33mfalse[39m,
      data: [36m[Array][39m,
      tooltipLabel: [32m'Total'[39m,
      tooltipPrefix: [32m'$'[39m
    },
    {
      label: [32m'Number of orders'[39m,
      borderColor: [32m'#1abc9c'[39m,
      fill: [33mfalse[39m,
      data: [36m[Array][39m,
      tooltipLabel: [32m'Orders'[39m
    },
    {
      label: [32m'Commision'[39m,
      borderColor: [32m'#73a724'[39m,
      fill: [33mfalse[39m,
      data: [36m[Array][39m,
      tooltipPrefix: [32m'$'[39m
    }
  ]
}
]]>
</system-out>
</testcase>
<testcase name="admin api test get admin report summary" classname="[chromium] › api/admins.spec.ts › admin api test › get admin report summary" time="1.393">
<system-out>
<![CDATA[{
  products: {
    this_month: [33m130[39m,
    last_month: [33m0[39m,
    this_period: [1mnull[22m,
    class: [32m'up'[39m,
    parcent: [33m13000[39m
  },
  withdraw: { pending: [33m9[39m, completed: [33m2[39m, cancelled: [33m0[39m },
  vendors: {
    inactive: [33m0[39m,
    active: [33m175[39m,
    this_month: [33m173[39m,
    last_month: [33m2[39m,
    this_period: [1mnull[22m,
    class: [32m'up'[39m,
    parcent: [33m8550[39m
  },
  sales: {
    this_month: [33m590.75[39m,
    last_month: [33m350[39m,
    this_period: [1mnull[22m,
    class: [32m'up'[39m,
    parcent: [33m68.57[39m
  },
  orders: {
    this_month: [33m3[39m,
    last_month: [33m2[39m,
    this_period: [1mnull[22m,
    class: [32m'up'[39m,
    parcent: [33m50[39m
  },
  earning: {
    this_month: [33m56.5[39m,
    last_month: [33m30[39m,
    this_period: [1mnull[22m,
    class: [32m'up'[39m,
    parcent: [33m86.67[39m
  }
}
]]>
</system-out>
</testcase>
<testcase name="admin api test get getAdminDashboardFeed" classname="[chromium] › api/admins.spec.ts › admin api test › get getAdminDashboardFeed" time="1.018">
<system-out>
<![CDATA[[
  {
    link: [32m'https://wedevs.com/blog/415444/dokan-settings-overview/'[39m,
    title: [32m'Dokan Multivendor Plugin Settings: A Complete Overview'[39m,
    desc: [32m'Dokan is the most popular WordPress-based multivendor plugin. Having all the required and trendy marketplace features in one place keeps this solution at entrepreneurs&#039; top picks for years. Despite being a big and popular solution, the configuration and customization process of Dokan is very simple. Although we have detailed documentation about all the features and [&hellip;]'[39m,
    summary: [32m''[39m,
    date: [32m'May 19, 2022'[39m,
    author: [32m''[39m
  },
  {
    link: [32m'https://wedevs.com/blog/406531/how-to-advertise-in-marketplace/'[39m,
    title: [32m'Dokan Product Advertising- Easy Way to Highlight Your Best Seller Products on Your Marketplace'[39m,
    desc: [32m'Dokan is back with yet another new feature that you guys have been asking for. The all-new Dokan Product Advertising module is an innovative update to your favorite product. As you can guess, the product advertising module lets your vendors promote their products. Where you might ask? Well, inside your website itself. Because, if your [&hellip;]'[39m,
    summary: [32m''[39m,
    date: [32m'March 14, 2022'[39m,
    author: [32m''[39m
  },
  {
    link: [32m'https://wedevs.com/blog/406959/add-extra-fields-to-wordpress-registration-plugin/'[39m,
    title: [32m'How to Customize a Vendor Registration Form in Dokan'[39m,
    desc: [32m'You need a vendor registration form for your eCommerce marketplace. With a seamless registration process, more vendors are intended to sign up to your site, and it allows you to do more business. Luckily, Dokan has a smart-looking optimized vendor registration form so that vendors can easily register to your marketplace and start selling. However, [&hellip;]'[39m,
    summary: [32m''[39m,
    date: [32m'March 10, 2022'[39m,
    author: [32m''[39m
  },
  {
    link: [32m'https://wedevs.com/blog/396422/find-wholesalers-for-online-business/'[39m,
    title: [32m'How to Find Wholesalers for Your Online Marketplace- A Starter Guide'[39m,
    desc: [32m'Finding wholesalers for an online business can be one tiresome task. But it’s a really crucial and necessary part of your online success. Because they create an effective connection between manufacturers and retail business owners. Since the vendors of online marketplaces face problems purchasing products in bulk amounts, wholesalers do the job for them. Wholesalers [&hellip;]'[39m,
    summary: [32m''[39m,
    date: [32m'December 24, 2021'[39m,
    author: [32m''[39m
  },
  {
    link: [32m'https://wedevs.com/blog/323495/dokans-top-features-and-modules/'[39m,
    title: [32m'Dokan’s Top Features &amp; Modules at a Glance'[39m,
    desc: [32m'If you are thinking about building a multivendor website, it would be a great idea. The main advantage of a multivendor website is, you don&#039;t need to have your own inventory to sell. All you need is to make some vendors register on your multivendor website and you are good to go! Now, how can [&hellip;]'[39m,
    summary: [32m''[39m,
    date: [32m'September 23, 2021'[39m,
    author: [32m''[39m
  }
]
]]>
</system-out>
</testcase>
<testcase name="admin api test get admin help" classname="[chromium] › api/admins.spec.ts › admin api test › get admin help" time="1.751">
<system-out>
<![CDATA[[
  {
    title: [32m'Basics'[39m,
    icon: [32m'dashicons-sos'[39m,
    questions: [ [36m[Object][39m, [36m[Object][39m, [36m[Object][39m, [36m[Object][39m ]
  },
  {
    title: [32m'Payment and Shipping'[39m,
    icon: [32m'dashicons-clipboard'[39m,
    questions: [ [36m[Object][39m, [36m[Object][39m, [36m[Object][39m ]
  },
  {
    title: [32m'Vendor Related Questions'[39m,
    icon: [32m'dashicons-admin-users'[39m,
    questions: [ [36m[Object][39m, [36m[Object][39m, [36m[Object][39m, [36m[Object][39m ]
  },
  {
    title: [32m'Miscellaneous'[39m,
    icon: [32m'dashicons-editor-table'[39m,
    questions: [ [36m[Object][39m, [36m[Object][39m, [36m[Object][39m, [36m[Object][39m ]
  }
]
]]>
</system-out>
</testcase>
<testcase name="admin api test get changelog lite" classname="[chromium] › api/admins.spec.ts › admin api test › get changelog lite" time="0.658">
<system-out>
<![CDATA[[{"version":"Version 3.7.6","released":"2022-11-14","changes":{"Fix":[{"title":"Fixed a sql security issue while searching for products via ajax from vendor dashboard","description":""}]}},{"version":"Version 3.7.5","released":"2022-11-03","changes":{"New":[{"title":"Added a new hook named dokan_store_product_search_results to filter out store product search results closes.","description":""}],"Update":[{"title":"Sort product categories under the vendor dashboard alphabetically.","description":""}],"Fix":[{"title":"SweetAlert library is conflicting with the WooCommerce Conversion Tracking plugin","description":""},{"title":"[BestSellingProductWidget] Products are being shown on the widget even when the catalog visibility is set to hidden.","description":""},{"title":"[VendorDashboardProducts] Products of different statuses are not displayed in the appropriate tab from the vendor dashboard.","description":""},{"title":"[ProductCategoryWidget] Sub Category dropdown on the Dokan Product Category widget doesn't work","description":""},{"title":"[AdminProduct] When editing a product in the WordPress backend, the vendor select dropdown doesn't contain any data.","description":""},{"title":"Fixed a fatal error on the report page if the same day is selected for both the start and end date to generate reports","description":""},{"title":"[VendorSoreSettings] Store settings update button wasn't working if the Dokan Pro plugin isn't activated.","description":""},{"title":"Store filtering using category was not working","description":""}]}},{"version":"Version 3.7.3","released":"2022-10-27","changes":{"New":[{"title":"Fixed a fatal error due to a function moved from dokan pro","description":""}]}},{"version":"Version 3.7.2","released":"2022-10-27","changes":{"New":[{"title":"Added a new filter hooked named `dokan_rest_api_store_collection_params` for StoreController request parameters","description":""},{"title":"Introduced `dokanVendorFilterSectionStart` and `DokanGetVendorArgs` js filter hooks","description":""}],"Fix":[{"title":"[AdminCommission] - Percentage Commission does not support \"comma\" as decimal separator under Dokan admin settings `Selling Options` page","description":""},{"title":"[Products] Product author is assigned to the shop manager when the shop manager publishes a product drafted by the admin.","description":""},{"title":"Spaces between paragraphs are too large under the store terms and condition page.","description":""}]}},{"version":"Version 3.7.1","released":"2022-10-11","changes":{"Fix":[{"title":"[VariableProduct] Fixed variable product's variation image uploading height size overlapping on price field.","description":""},{"title":"[ProductSearch] Fixed product search of the product listing page of the vendor dashboard is not working.","description":""},{"title":"[OrderEmail] Fixed multiple emails are sent to the customer when a parent order's status is changed to processing from failed payment.","description":""},{"title":"**fix:** Removed unwanted popup code from the SweetAlert library","description":""},{"title":"Fixed the vendor dashboard adds new products' discount prices set to 0 by default.","description":""},{"title":"Fixed vendor order page not showing line item qty and totals","description":""}]}},{"version":"Version 3.7.0","released":"2022-09-27","changes":{"New":[{"title":"Added `dokan_selected_multistep_category` js hook after a category has been selected","description":""}],"Update":[{"title":"Fixed some security issues","description":""},{"title":"Performance enhancement for dokan","description":""},{"title":"Updated some JS libraries","description":""},{"title":"Vendor dashboard `add-product-single.php` file is renamed to `edit-product-single.php`","description":""}],"Fix":[{"title":"Select2 spacing issue CSS fix","description":""},{"title":"Fixed vendor single store page profile picture CSS issue","description":""},{"title":"Fixed vendor product page extra table field issue","description":""},{"title":"Fixed admin dashboard vendor details page: social profile Twitter icon is not showing issue","description":""},{"title":"Fixed multiple sub-categories of the same parent category is assigned to a product, they are not saved issue","description":""},{"title":"[Store settings]: Not being able to add \"+\" or \"-\" sign to the phone number filed of the store on Firefox web browser.","description":""},{"title":"Bank withdrawal method required field updated, Added a new filter hook `dokan_bank_payment_required_fields` so that site owner can manage required fields as they pleased","description":""},{"title":"Category-based commission is not working when a category has child categories.","description":""}]}},{"version":"Version 3.6.5","released":"2022-08-25","changes":{"Fix":[{"title":"[WPML] Added WPML support for the multistep product category.","description":""},{"title":"Order REST API endpoint displays other vendors orders.","description":""}]}},{"version":"Version 3.6.4","released":"2022-08-10","changes":{"New":[{"title":"Added Catalog Mode Feature to Dokan","description":"For detailed information about catalog mode please check <a href=\"https:\/\/wedevs.com\/docs\/dokan\/settings\/product-catalog-mode\/\" target=\"_blank\">here<\/a>"}],"Improvement":[{"title":"Load asset (CSS\/JS) files only on required pages","description":""},{"title":"Added $user_id as parameter for filter hook `dokan_is_store_open`","description":""}],"Fix":[{"title":"[security]  Removed unfiltered_html capabilities from vendor user role","description":""},{"title":"Fixed responsive issue of multistep product category UI","description":""},{"title":"[WPML] Vendor Dashboard Submenu not loading if translated to another language","description":""},{"title":"Account Type for bank payment method is missing when admin is creating\/editing a vendor","description":""},{"title":"Paypal shows as connected for new vendors even though it is not connected","description":""},{"title":"Can't skip seller setup wizard's Payment step by keeping some fields empty","description":""},{"title":"Fixed Order By sorting parameters for Orders","description":""},{"title":"Vendor Dashboard Add New Product URL changed to the product list page","description":""},{"title":"Single store page default order by filtering wasn't working","description":""},{"title":"Fixed third store header styling issue","description":""},{"title":"When the admin updates or saves a product from the admin panel multistep product category feature wasn't working","description":""}]}},{"version":"Version 3.6.3","released":"2022-07-26","changes":{"New":[{"title":"Added search by order id filter for vendor dashboard Orders page","description":""}],"Improvement":[{"title":"Added DateRange filter for vendor dashboard Orders page","description":""}]}},{"version":"Version 3.6.2","released":"2022-07-15","changes":{"New":[{"title":"Added dummy data import feature for Dokan","description":""}],"Improvement":[{"title":"Multistep category modal for product add and edit page under vendor dashboard","description":""},{"title":"Added 'Back To Top' button & fix some design broken issue under Dokan admin settings page.","description":""}]}},{"version":"Version 3.6.1","released":"2022-06-30","changes":{"Improvement":[{"title":"Added disconnect button to payment methods","description":""},{"title":"Removed 'Dokan' Prefix from the payment method name under vendor dashboard payment settings page.","description":""},{"title":"Added a new setting to change Vendor Setup Wizard welcome message under Dokan General Settings page.","description":""}],"Fix":[{"title":"Fixed some empty method names in Payment Methods section of Vendor Dashboard > Withdraw","description":""},{"title":"Fixed incorrect alignment of withdraw method title in Dokan setup wizard","description":""},{"title":"Vendor Store breadcrumb URL redirecting to 404 page","description":""}]}},{"version":"Version 3.6.0","released":"2022-06-14","changes":{"New":[{"title":"Added a new filter named \u2018dokan_bank_payment_validation_error\u2019 so that payment validation errors can be filtered.","description":""}],"Improvement":[{"title":"Entirely redesigned Dokan Admin Settings page","description":""}],"Fix":[{"title":"WPML translated endpoints not working in payment settings page","description":""}]}},{"version":"Version 3.5.1","released":"2022-05-31","changes":{"New":[{"title":"Added Reverse Withdrawal feature.","description":"Kindly read the <a href=\"https:\/\/wedevs.com\/docs\/dokan\/withdraw\/dokan-reverse-withdrawal\/\" target=\"_blank\">documentation<\/a> for more details."}],"Improvement":[{"title":"Improved UI of Payment settings page","description":""},{"title":"Correctly determine the vendor a product belongs to, so the \"dokan_get_vendor_by_product\" filter hook is called. ","description":""}],"Fix":[{"title":"Fixed a fatal error while changing product types to Simple > Variable > External\/Affiliate > Group Product","description":""},{"title":"Changing dokan vendor dashboard page slug gives 404 error","description":""}]}},{"version":"Version 3.5.0","released":"2022-05-18","changes":{"New":[{"title":"Added a new product attributes widget, by which users\/customers will be able to search products by vendors used attributes.","description":""}],"Fix":[{"title":"Fixed vendor store settings page phone number validation js console error.","description":""},{"title":"Payment settings page 404 if dashboard url slug is changed.","description":""}]}},{"version":"Version 3.4.3","released":"2022-04-26","changes":{"New":[{"title":"Added option to select a default payment method","description":""}],"Improvement":[{"title":"Updated design for the payment settings page of vendor dashboard to separate the management of different payment methods","description":""}],"Fix":[{"title":"Store Contact Form widget submits the contact form directly instead of ajax submission","description":""},{"title":"Stop sending new order emails to selected recipients (including admin) when the New Order email is disabled in WooCommerce Settings","description":""},{"title":"Fixed some validation logic under vendor dashboard payment settings page","description":""}]}},{"version":"Version 3.4.2","released":"2022-04-13","changes":{"Fix":[{"title":"Fixed switching product type from variable to external doesn't remove product stock management options","description":""},{"title":"Fixed store order by latest inconsistency","description":""}]}},{"version":"Version 3.4.1","released":"2022-03-18","changes":{"New":[{"title":"Introduced two new filter hooks dokan_shipping_fee_recipient and dokan_tax_fee_recipient","description":""}],"Fix":[{"title":"Remove unnecessary error_log codes","description":""},{"title":"Promotional notice cache expiration date is set to one day","description":""},{"title":"Fatal error on store closet time widget if store open\/close time wasn\u2019t set","description":""},{"title":"Updated jQuery form validate library from v1.11.0 to v1.19.3","description":""},{"title":"Fixed popup not appearing after clicking withdraw button under vendor dashboard","description":""},{"title":"Product table css fix for error class","description":""}]}},{"version":"Version 3.4.0","released":"2022-03-08","changes":{"Improvement":[{"title":"Stop loading unnecessary style and script files on every page","description":""},{"title":"Added random as store list orderby parameter","description":""},{"title":"Dokan store shortcode orderby parameter now reflect store filter","description":""}],"Fix":[{"title":"Store open\/close time hover feature wasn\u2019t working for specific single store page templates","description":""},{"title":"Variable products stock status wasn\u2019t updating by quick edit from vendor dashboard, now has been fixed","description":""},{"title":"Fixed Dokan conflict with WP Project Manager","description":""},{"title":"Store product per page value wasn\u2019t saving, now has been fixed","description":""},{"title":"Fixed fatal error while getting store open close time under single store page","description":""},{"title":"Remove background process files from database if file doesn\u2019t exists on server due to server migration","description":""}]}},{"version":"Version 3.3.9","released":"2022-02-28","changes":{"Improvement":[{"title":"Added new theme customizer settings to set default order by filter for store listing page","description":""},{"title":"Added seller information under single product page, also added an admin setting entry to enable\/disable this feature","description":""},{"title":"Display store open\/close time list on hover under single store page.","description":""}],"Fix":[{"title":"Added post_date_gmt and post_modified_gmt fields data when creating a product from frontend dashboard","description":""},{"title":"Create order API with coupon lines data giving fatal error","description":""}]}},{"version":"Version 3.3.8","released":"2022-02-17","changes":{"Fix":[{"title":"Store open close time widget wasn't working","description":""}]}},{"version":"Version 3.3.7","released":"2022-02-03","changes":{"New Feature":[{"title":"Added Featured, Latest, Best Selling and Top Rated Product sections under single store page","description":"Now admin\/vendor will be able to add multiple product sections under single store page. Kindly visit <a href=\"https:\/\/wedevs.com\/docs\/dokan\/tutorials\/how-to-create-product-sections-in-single-store-page\" target=\"_blank\">documentation<\/a> page to learn more about this feature."}],"Improvement":[{"title":"Updated UI for Withdraw menu","description":"Withdraw page design has been updated."},{"title":"Added Dokan upgrader to change dokan_withdraw table details column null","description":""},{"title":"Added per_page and page param support on store products rest api","description":""},{"title":"Updated design for Upgrade to PRO popup","description":""},{"title":"Updated FontAwesome library from V4.7 to V5.15","description":""},{"title":"Updated chartjs library","description":""}],"Fix":[{"title":"fixed a css issue under Select2 library","description":""},{"title":"Make Hello text translatable under product published email template","description":""},{"title":"Fixed a warning under single store page if store slug was invalid","description":""},{"title":"prevent recursion while loading template if $name param is not empty","description":"It was causing template to load multiple times if only store.php file was copied to theme folder, now has been fixed"},{"title":"When setting bulk regular prices from the vendor dashboard in a variable product the product stock status becomes out of stock. This issue has been fixed now.","description":""}]}},{"version":"Version 3.3.6","released":"2022-01-10","changes":{"Fix":[{"title":"CSS class added for styling order details page.","description":""},{"title":"Item meta is not being deleted from the order details page of the WordPress dashboard.","description":""},{"title":"Showing Vendor Name instead of vendor id on the order details page of WooCommerce.","description":""},{"title":"Fixed conflict with Siteground Optimizer plugin.","description":""}]}},{"version":"Version 3.3.5","released":"2021-12-23","changes":{"Fix":[{"title":"Fatal error while creating new vendor.","description":""},{"title":"Conflict Dokan admin notices scripts with customizer page and WPML string translation page.","description":""}]}},{"version":"Version 3.3.4","released":"2021-12-15","changes":{"Fix":[{"title":"Asset loading issue for admin notices","description":""}]}},{"version":"Version 3.3.3","released":"2021-12-15","changes":{"New":[{"title":"Added what\u2019s New page for Dokan","description":""},{"title":"Grouped all Dokan admin notices into a single notice with slider","description":""}],"Improvement":[{"title":"reCaptcha integration added to store contact form","description":""},{"title":"Redesigned Dokan admin header section. Also added some useful links under admin bar.","description":""}],"Fix":[{"title":"select2 dropdown margin issue fixed","description":""},{"title":"Fix loading issue while loading Dokan pages when permalink sets to plain text, Also added a notice to instruct users to change permalink setting.","description":""}]}},{"version":"Version 3.3.2","released":"2021-11-30","changes":{"Improvement":[{"title":"Caching Enhancement and Fixes","description":""},{"title":"Added tooltips for setting options","description":""},{"title":"Google Map and Mapbox setting fields will be always visible","description":""}],"Fix":[{"title":"Product was creating via API even selling option was disabled for a vendor","description":""},{"title":"Withdraw details field value conflict with old withdraw data","description":""}]}},{"version":"Version 3.3.1","released":"2021-11-12","changes":{"Improvement":[{"title":"Updated vendor store per page placeholder text","description":""},{"title":"Removed user switch setting from Dokan selling setting, now user switching will work if plugin exists","description":""}],"Fix":[{"title":"Added Vue DateRangePicker library","description":""},{"title":"Added missing param on woocommerce_admin_order_item_headers","description":""},{"title":"Fixed WC mail template overwrite was not working","description":""},{"title":"add call to filter dokan_product_cat_dropdown_args to listing-filter.php (thanks to David Marin)","description":""},{"title":"updated dokan_product_seller_info() function to not to add vendor data if vendor id doesn't exists (thanks to David Marin)","description":""},{"title":"Hide Show email address in store settings from store settings page if admin disable this settings from customizer.","description":""},{"title":"Added upgrader to change refund and withdraw database table column","description":""}],"Add":[{"title":"Black Friday promotion 2021","description":""}]}},{"version":"Version 3.3.0","released":"2021-10-31","changes":{"Improvement":[{"title":"Added integration of sweetalert2 for alert, prompt, confirm, toast notification","description":""}],"Fix":[{"title":"Fixed typo in vendor earning tooltip","description":""},{"title":"Vendor was not getting a notification when order status change from cancelled to processing, on-hold, or completed. This has been fixed now","description":""}]}},{"version":"Version 3.2.15","released":"2021-10-13","changes":{"New Feature":[{"title":"Permanently delete Dokan related data (custom tables, options, pages, user roles and capabilities etc) after plugin delete based on admin Setting","description":""}],"New":[{"title":"Added filter hook dokan_store_banner_default_width and dokan_store_banner_default_height so that theme\/plugin author can change store banner with and height based on their needs","description":""},{"title":"Added Dokan stores page link under Admin bar menu, from now on \u201cVisit Store\u201d redirects to Dokan store list page and \u201cVisit Shop\u201d directs to WooCommerce Product list page.","description":""},{"title":"Added integration of sweetalert2 to replace default javascript alert, prompt, confirm, and toast notifications","description":""}],"Improvement":[{"title":"Added a new tooltip in vendor dashboard product listing page after earning column to clarify vendors about possible earning from their products","description":""},{"title":"Added localization support for text \"Calculating\"","description":""},{"title":"Now Dokan page view count will be stored in the browser\u2019s Local Storage instead of browser Cookies. Some caching plugins weren't able to cache single product pages due to this. This fix will let caching plugins to cache single product pages from now on","description":""}],"Fix":[{"title":"Single product page used to display the seller's real name instead of store name on the vendor info tab. Issue has been resolved now.","description":""},{"title":"When a vendor adds a new product If the form has any validation error then old selected tags went missing. This issue has been resolved now.","description":""},{"title":"Store Address input fields were missing in vendor dashboard\u2019s store setting form when the Dokan Pro plugin was not installed. Now this issue has been fixed.","description":""},{"title":"Removed vendor verification verified status check from vendor dashboard\u2019s store settings page if dokan pro is not installed or vendor verification module is not active","description":""},{"title":"Single Store product category wasn't working if WPML plugin was installed. Now this issue has been fixed.","description":""},{"title":"Added validation for withdraw limit","description":""},{"title":"Corrected spelling to 'picture' from 'picutre'","description":""},{"title":"In the latest version of Divi, theme assets weren\u2019t loading if a single store page doesn\u2019t contain any product. This issue has been fixed now.","description":""},{"title":"Vendor Contact form didn't contain \u201cReply To\u201d email address when a customer would contact a vendor via the vendor contact form widget. Issue has been resolved now.","description":""}]}},{"version":"Version 3.2.14","released":"2021-10-04","changes":{"Fix":[{"title":"Multiple issue fixed in WPML integration with Dokan","description":""}]}},{"version":"Version 3.2.13","released":"2020-09-30","changes":{"New Feature":[{"title":"Set limitation for how many product tags that vendor can input, admin can set tag limit via filter hook: dokan_product_tags_select_max_length","description":""}],"Improvement":[{"title":"Added dynamic filter named: dokan_manage_shop_order_custom_columns_%s hook under shop_order_custom_columns method","description":""}],"Fix":[{"title":"Fixed warning on product listing page due to filter data type mismatch","description":""},{"title":"Fixed localization issue on attribute label","description":""},{"title":"Fixed Single store product search not working for logged out users","description":""}]}},{"version":"Version 3.2.12","released":"2020-09-13","changes":{"New":[{"title":"Withdraw details keep save as log","description":""},{"title":"Vendor settings update REST api support","description":""},{"title":"New Filter hook added for Order status list allowed for withdrawal 'dokan_settings_withdraw_order_status_options'","description":""}],"Fix":[{"title":"Check if pagination_base post is empty","description":""},{"title":"Single store page map hide based on setting","description":""},{"title":"added upgrader to reassign dokan_store_name meta because it was missing for some vendor","description":""},{"title":"Dashboard header add new button issue fixed","description":""}]}},{"version":"Version 3.2.11","released":"2020-08-31","changes":{"New":[{"title":"Added new shortcode attribute named random to display store list randomly [dokan-stores orderby=\"random\"]","description":""},{"title":"Added 'Texty \u2013 SMS Notification for WordPress, WooCommerce, Dokan and more' plugin as recommended plugins under Dokan admin setup wizard page","description":""},{"title":"Added vendor filter on admin Withdraw page","description":""},{"title":"Added a new REST route to get corresponding vendor's product categories under StoreController API (GET: wp-json\/dokan\/v1\/stores\/3\/categories)","description":""},{"title":"Added a new REST route to get corresponding vendor's popular product categories under StoreController API (GET: wp-json\/dokan\/v1\/stores\/3\/categories?best_selling=1)","description":""},{"title":"Added REST API route to create withdrawal request (POST: \/wp-json\/dokan\/v1\/withdraw\/ )","description":""},{"title":"What's new button added under dokan admin page top bar section","description":""}],"Fix":[{"title":"Fixed fatal error when vendor registration shortcode used from API","description":""},{"title":"Added Map API selection section on Dokan admin setup wizard page","description":""},{"title":"Fixed unable to remove downloadable file when there is only one file exists","description":""},{"title":"Fixed fatal error with deleted product of an order","description":""}]}},{"version":"Version 3.2.10","released":"2021-08-10","changes":{"Improvement":[{"title":"Hide customer billing email and ip address from vendor order export data based on admin setting","description":""},{"title":"Default Category order by set to name and order by as ascending","description":""}],"Fix":[{"title":"After submitting the Create Product from the selected category is not selected","description":""}]}},{"version":"Version 3.2.9","released":"2021-08-02","changes":{"New":[{"title":"Added customize settings for store product filter option to show\/hide","description":""},{"title":"Added a new hook dokan_earning_by_order_item_price","description":""}],"Fix":[{"title":"Product tag search not working in variable product after adding new attribute","description":""},{"title":"Display shipping widget though virtual checkbox selected","description":""},{"title":"Children IDs not showing on REST API","description":""},{"title":"Fixed a js error while refunding from vendor dashboard: size() is not a function","description":""}]}},{"version":"Version 3.2.8","released":"2021-07-12","changes":{"New":[{"title":"Added dokan summer sale promotion","description":""},{"title":"Added a new action hook named dokan_store_customizer_after_vendor_info under Dokan Store Customizer","description":""},{"title":"Added a new action hook named dokan_before_create_vendor","description":""},{"title":"Added a new action hook named dokan_seller_registration_after_shopurl_field","description":""},{"title":"Added a new action hook named dokan_settings_after_store_phone","description":""},{"title":"Added a new action hook dokan_settings_before_store_email","description":""},{"title":"Added a new action hook dokan_product_gallery_image_count","description":""}],"Improvement":[{"title":"Added Composer 2 support","description":""},{"title":"Added $data parameter to existing dokan_vendor_create_data action hook","description":""}],"Fix":[{"title":"Fixed rewrite rules issues after Dokan plugin is installed and after change store slug","description":""}]}},{"version":"Version 3.2.7","released":"2021-07-01","changes":{"New":[{"title":"Added Order by filtering for single store product listing page","description":""},{"title":"Added custom ip address lookup link","description":""},{"title":"Added a success message after creating a product from add new product modal window","description":""},{"title":"Added - - for category listing in add new product page and add new product modal window","description":""},{"title":"Added a new shortcode attribute named with_products_only in [dokan-stores] shortcode so that vendor without product can be filtered out from store listing page","description":""},{"title":"Add support to send objects to trash, thanks to @M\u00e1rio Valney","description":""}],"Fix":[{"title":"Fixed duplicate tag create issue, if new tag is searched with mixed character case","description":""},{"title":"Wrong hooks used on Elementor widgets","description":""},{"title":"Typo in Staff - Manage Menu Permissions fixed","description":""},{"title":"Fixed an error in Dokan setting for new installation of Dokan Lite","description":""},{"title":"Fixed vendor order page pagination issue for date and customer filter","description":""},{"title":"Fixed \u201cIn stock\" and \"Out of stock\" translation issue","description":""},{"title":"Email template override directory location correction for dokan vendor completed order","description":""},{"title":"Delete cache data after updating dokan vendor balance table","description":""},{"title":"Fixed a bug that would allow vendors to change order status even if they don't have permission to do so, thanks to @CODLOP","description":""}]}},{"version":"Version 3.2.6","released":"2021-05-08","changes":{"New":[{"title":"Added new action hooks on order details sidebar","description":""},{"title":"Dokan admin setting warning type field added on Dokan admin setting","description":""},{"title":"Dokan admin setting repeatable field added 2 new options must-use and desc","description":""},{"title":"Introduce the filter hook dokan_dashboard_nav_settings_key for store settings slug","description":""},{"title":"Eid 2021 promotion added","description":""},{"title":"New hook: Vendor dashboard custom CSV orders export","description":""},{"title":"Vendor Order export CSV file earnings column added","description":""}],"Fix":[{"title":"Decimal as comma separated sale price does not save","description":""},{"title":"Product variation pagination for post type pending","description":""},{"title":"Product published date displaying current date in local language","description":""}]}},{"version":"Version 3.2.5","released":"2021-04-30","changes":{"New":[{"title":"Sub orders set dynamic post status on WooCommerce my account order details page","description":""},{"title":"Store listing shortcode enhancements, Store Category wise: [dokan-stores category=\"clothing\"] Order wise: [dokan-stores order=\"ASC\"] Orderby wise: [dokan-stores orderby=\"registered\"] Store_id wise: [dokan-stores store_id=\"1, 2, 3\"","description":""},{"title":"Vendor product listing page added 2 new filters options stock wise and product type wise","description":""},{"title":"Order status for withdraw option added on dokan admin setting page","description":""},{"title":"Store open close option disabled by default when a vendor register","description":""}],"Fix":[{"title":"Fix single store page template layout","description":""},{"title":"[WPML] Fix malformed dashboard subpage URL when page_link is filtered to add a query parameter","description":""},{"title":"Product count exclude booking product","description":""},{"title":"Order export not filtered customer filtered data","description":""},{"title":"[WPML] Fix malformed store URL when the home URL contains a query parameter","description":""},{"title":"Capitalise vendor url in add new vendor","description":""},{"title":"Vendor setup wizard page broken issue fixed","description":""},{"title":"Inconsistency template CSS class dokan-w3 issue fixed on vendor setting page","description":""},{"title":"Unable to add multiple lines to the short Description field issue fixed","description":""},{"title":"AZERTY keyboard restrict registration issue fixed for vendor register form","description":""}]}},{"version":"Version 3.2.4","released":"2021-04-01","changes":{"New Feature":[{"title":"Vendors able to edit product slug from their product edit page","description":""}],"New":[{"title":"Enter key allow for vendor search on store listing page","description":""}],"Improvement":[{"title":"Set default values withdraw methods, limit, order status, commissions on the setup wizard","description":""}],"Fix":[{"title":"Time format with a forward slash (\\) wasn't parsing correctly on store open\/close time dropdown","description":""},{"title":"Products: Preview of text is not appearing instantly while adding Product Tags","description":""},{"title":"Withdraw: IBAN number is not showing on the Dokan Admin","description":""},{"title":"Warning showing on all widget when use on Elementor","description":""},{"title":"Divi theme store single page showing warning issue fixed","description":""},{"title":"Store listing filter most recent is not working issue fixed","description":""}],"Refector":[{"title":"Product create update redundant check","description":""}]}},{"version":"Version 3.2.3","released":"2021-03-13","changes":{"Improvement":[{"title":"Wordpress 5.7 and WooCommerce 5.1 compatibility","description":""}],"Add":[{"title":"Limited time promotion for weDevs birthday","description":""}]}},{"version":"Version 3.2.2","released":"2021-03-05","changes":{"New":[{"title":"Added order completed email notification for vendors","description":""},{"title":"Added Vendor individual withdraw threshold option","description":""},{"title":"Added a new hook (dokan_admin_setup_wizard_save_step_setup_selling) after admin setup wizard save setup selling step","description":""},{"title":"Added a new action hook (dokan_create_sub_order_before_calculate_totals) when creating a suborder","description":""}],"Improvement":[{"title":"Added sales price validation check for subscription product","description":""},{"title":"Added a new filter hook (dokan_order_status_count) in order status to support custom order status","description":""},{"title":"WP kses added new allowed arguments for image tag","description":""}],"Fix":[{"title":"Product update and delete permission error via REST API","description":""},{"title":"Fixed some PHP 8 warnings","description":""},{"title":"Store settings error on save in vendor dashboard area","description":""},{"title":"Order delivery tracking number wasn't saving as order notes","description":""},{"title":"Export order by status on vendor dashboard issue fixed","description":""},{"title":"Product discount price is set empty if regular price is lower than discount price","description":""},{"title":"Fatal error on product tab's post per page in more products section","description":""},{"title":"Store\/products orderby query parameter","description":""},{"title":"Dokan store open time timezone mismatch","description":""},{"title":"Prices fields showing for external product","description":""},{"title":"Unable to save stock value for variation product","description":""},{"title":"Deprecated Gplus cleanup","description":""},{"title":"Unable to save stock value for variation product","description":""},{"title":"Different edit url for publish products in vendor dashboard","description":""},{"title":"SKU wasn't saving from vendor dashboard","description":""}]}},{"version":"Version 3.2.1","released":"2021-02-12","changes":{"Improvement":[{"title":"Performance improvements on vendor dashboard end","description":""}],"Fix":[{"title":"Optimized code for better security","description":""},{"title":"Fixed conflict with user frontend menu position with Dokan","description":""}]}},{"version":"Version 3.2.0","released":"2021-01-29","changes":{"New":[{"title":"Added blank product page new UI on vendor dashboard","description":""},{"title":"Added Store open and closed status on dokan store listing page","description":""},{"title":"Added a setting where admin can set how many products to display on vendor single store page","description":""},{"title":"Added a new validation message after upload a banner\/profile picture, show a browser alert if user tries to leave the current page without saving the changes.","description":""},{"title":"Added a new update setting button on top of the vendor setting form","description":""},{"title":"Added downloadable and virtual product type support for subscription products","description":""}],"Improvement":[{"title":"Dokan withdrawal request promotion","description":""}],"Fix":[{"title":"While registering as a vendor, radio button should work only when user click mouse cursor on the top of the radio button.","description":""},{"title":"Product add pop-up validation error message style","description":""},{"title":"Vendor pending tab keeps loading issue fixed","description":""},{"title":"Improved the mapbox address search input field and make it same as google map search box","description":""},{"title":"Keep old vendor as product author while duplicating product from the admin area","description":""},{"title":"Fixed rounded vendor balance can not be withdrawn","description":""},{"title":"Fixed resetting geolocation address is not selecting default location address","description":""},{"title":"Fixed featured attribute of the store list shortcode doesn't work","description":""},{"title":"Fixed vendors count not working on autoload in admin vendor listing page","description":""},{"title":"Fixed downloadable product \"Grant Access\" JS error","description":""},{"title":"Added filter for $allowed_roles in vendor registration which was missing","description":""},{"title":"If the vendor has a rounded value in their balance then vendors are unable to request a withdrawal of the full amount","description":""},{"title":"When order data is retrieved via API, the \"total\" order value is gets rounded","description":""},{"title":"Elementor conflict with Dokan best and top selling product shortcodes issue fixed","description":""},{"title":"More product tab showing other vendors product issue fixed","description":""}]}},{"version":"Version 3.1.2","released":"2021-01-12","changes":{"Fix":[{"title":"Store listing page displaying disabled vendors","description":""}],"Notice":[{"title":"Added Paypal adaptive modules removal notice","description":""}]}},{"version":"Version 3.1.1","released":"2021-01-11","changes":{"New Feature":[{"title":"Added searching feature for Dokan admin settings","description":""}],"New":[{"title":"Added \"Visit Vendor Dashboard\" link to admin bar","description":""},{"title":"Added current_datetime() compatible dokan functions for WordPress version < 5.3","description":""}],"Improvement":[{"title":"Updated refund table item_totals and item_tax_totals fields via Dokan upgrader","description":""}],"Fix":[{"title":"Optimized Dokan admin settings page to load setting page faster","description":""},{"title":"Added vendor search feature for disabled vendors","description":""},{"title":"Product discount showing wrong when a product that has a limited time discount and sets a schedule on the calendar on the frontend dashboard","description":""},{"title":"Fixed creating addon by vendor staff was not working for product","description":""},{"title":"Fixed coupons created by the vendor can not be modified","description":""},{"title":"Fixed admin dashboard wasn't loading due to use of sprintf for some translatable strings","description":""},{"title":"Fixed display issue for State and Country multi-select of Dokan vendor create modal","description":""},{"title":"Translation issue fixed on store listing page","description":""},{"title":"Store product category not showing properly","description":""},{"title":"Fixed missing text-domain on product listing delete confirmation alert","description":""},{"title":"Responsive dashboard product and order table","description":""}]}},{"version":"Version 3.1.0","released":"2020-12-20","changes":{"New":[{"title":"Store page customizer and better theme support","description":""}],"Fix":[{"title":"Stock level wrong calculation in order notes","description":""},{"title":"Improve search with store name in Dokan admin vendor listing and store listing page","description":""},{"title":"Store listing page avatar image not showing properly on store listing page","description":""},{"title":"Store and store term and conditions template make high priority","description":""},{"title":"Store settings page url issue when vendor dashboard use as child page","description":""},{"title":"Vendor dashboard menu not selected when vendor dashboard use as a child page","description":""},{"title":"Ordering issue on category dropdown on product listing filter area","description":""},{"title":"Vue wp list table package updated, translation support for list tables","description":""},{"title":"Dokan vendor dashboard big counter warning issue fixed","description":""},{"title":"Vendor dashboard product table column issue fixed","description":""},{"title":"Update custom deactivation reason placeholder text","description":""},{"title":"Vendor biography formatting issue when update any vendor from Dokan admin area","description":""},{"title":"Added attribute slug with product REST API","description":""},{"title":"Vendor listing and withdraw page not loading correctly in admin area when use others languages","description":""},{"title":"Upgrade to pro module page overlapping issue with admin notice, css & changed svg","description":""},{"title":"Withdraw methods toggle options not working on Dokan setup wizard","description":""},{"title":"Withdraw methods are not saving for some users, fixed via Dokan upgrader","description":""}]}},{"version":"Version 3.0.16","released":"2020-12-01","changes":{"New":[{"title":"Dokan upgrade to pro modules page added","description":""}],"Improvement":[{"title":"weMail plugin added on recommended plugins list when run Dokan setup wizard","description":""}],"Fix":[{"title":"Search by store name not working on store listing page when store created from admin area","description":""},{"title":"Store reviews REST API issue fix and improve","description":""},{"title":"Order fetching REST API issue fix and improve","description":""},{"title":"Deactivation reasons icons and placeholder updated","description":""}]}},{"version":"Version 3.0.15","released":"2020-11-21","changes":{"Fix":[{"title":"updated codebase to fix timezone mismatch","description":""}]}},{"version":"Version 3.0.14","released":"2020-11-20","changes":{"Improvement":[{"title":"Limited time promotion admin notice","description":""}],"Fix":[{"title":"Vendor edit admin commission on decimal separator as comma","description":""}]}},{"version":"Version 3.0.13","released":"2020-11-12","changes":{"New":[{"title":"Added new filter `dokan_is_product_author`","description":""},{"title":"Apply new filter `dokan_product_listing_post_statuses` on product listing status","description":""}],"Fix":[{"title":"Store name search was not working when the vendor account was created by admin","description":""},{"title":"Vendor was not changing when trying to change on product quick edit section from admin area","description":""},{"title":"Some translation issue fixed on admin setting page","description":""}]}},{"version":"Version 3.0.12","released":"2020-11-05","changes":{"Fix":[{"title":"Refactor upgrade to pro banner.","description":""},{"title":"Temporary disable WooCommerce payment and shipping setup step from vendor setup wizard section. It was throwing a lot of deprecated warnings, we will fix it in the next version.","description":""}]}},{"version":"Version 3.0.11","released":"2020-10-22","changes":{"New Feature":[{"title":"Fixes a JS loading issue when `SCRIPT_DEBUG` is enabled","description":""}]}},{"version":"Version 3.0.10","released":"2020-10-20","changes":{"Fix":[{"title":"Vendor balance remains same after refund","description":""},{"title":"Vendor name is not showing correctly on WooCommerce product list quick edit","description":""},{"title":"CSS conflicting with the YITH Badge Management Plugin","description":""},{"title":"Added postbox header div in postbox component","description":""},{"title":"Guest checkout name in vendor order details","description":""},{"title":"Phone field pasting option enabled settings page","description":""},{"title":"Admin dashboard feed REST Request error","description":""},{"title":"Prevent admin email for sub-order","description":""},{"title":"Multiple category commission issue fallback to vendor commission","description":""},{"title":"Admin vendor total count","description":""},{"title":"Default order sorting issue","description":""},{"title":"WC deprecate notice for using order parent_id directly","description":""},{"title":"Label changed for external product type","description":""},{"title":"Product tag add if do not exist","description":""},{"title":"Store category widget not translate problem with WPML","description":""},{"title":"On RESTFul order creation, only single store is added into the response even if there are multiple stores","description":""},{"title":"Product variation author id update for product quick save","description":""},{"title":"Translation issue on Select2","description":""},{"title":"Price schedule selection date added","description":""},{"title":"Remove duplicate capabilities form seller role","description":""},{"title":"Dashboard header add new button not showing with theme conflict","description":""},{"title":"Order details page showing warning issue","description":""},{"title":"After withdraw approval, sometimes it's not inserting in balance table","description":""},{"title":"Redirect to 404 if vendor do not exist for TOC template","description":""},{"title":"Withdrawal current balance is incorrect cause of cache issue","description":""}]}},{"version":"Version 3.0.9","released":"2020-08-25","changes":{"Fix":[{"title":"Some security issues fixed","description":""},{"title":"Loading issue when long tags list on add\/edit product page (Vendor Dashboard)","description":""},{"title":"Add missing permission callback in REST routes to make WordPress 5.5 compatible","description":""},{"title":"Vendor can send multiple withdraw request from vendor dashboard","description":""},{"title":"API endpoint added","description":""}]}},{"version":"Version 3.0.8","released":"2020-08-12","changes":{"Fix":[{"title":"WordPress v5.5 compatibility issue fixed","description":""},{"title":"Namespacing issues on class declaration","description":""}]}},{"version":"Version 3.0.7","released":"2020-07-23","changes":{"Fix":[{"title":"Showing fatal error for user switching","description":""}]}},{"version":"Version 3.0.6","released":"2020-07-23","changes":{"New Feature":[{"title":"Vendor user switching (User Switching plugin support)","description":""},{"title":"Decimal and Thousand Separator with Comma","description":""}],"Fix":[{"title":"Add system to refresh options for select fields in admin settings","description":""},{"title":"Admin settings input field type for common types of fields","description":""},{"title":"Shop name not showing on product listing quick edit section","description":""},{"title":"Order notes in vendor dashboard insert wrong author data","description":""}]}},{"version":"Version 3.0.5","released":"2020-06-11","changes":{"New":[{"title":"Exclude cash on delivery payments from vendor withdrawal balance (COD)","description":""}],"Fix":[{"title":"Remove vendor folder from the excluded list","description":""},{"title":"Earning column missing on vendor dashboard order list","description":""},{"title":"Default location not working in vendor dashboard","description":""},{"title":"Remove link from customer name in vendor order details","description":""},{"title":"Custom header, footer template does not work in Dokan store page (Divi Theme)","description":""}]}},{"version":"Version 3.0.4","released":"2020-05-15","changes":{"Improvement":[{"title":"Pass vendor id in dokan_get_seller_active_withdraw_methods hook","description":""}],"Fix":[{"title":"Rename google plus to google as google plus is deprecated","description":""},{"title":"Unable to set store trams and condition settings through REST API","description":""},{"title":"Vendor order email does not have the TAX details","description":""},{"title":"Withdraw request email is not send to admin","description":""},{"title":"Typo in backend add and edit vendor page","description":""},{"title":"On updating commission type in backend vendor dashboard, translated commission type is getting saved into database","description":""},{"title":"Store listing filter does not work when its saved as frontpage","description":""},{"title":"When a product is purchased with a price of more than 8 digit the calculation is wrong","description":""},{"title":"Caching issue on vendor's order listing page","description":""},{"title":"Filter out empty seller ids when a product is deleted `dokan_get_sellers_by` function","description":""},{"title":"Deduct PayPal gateway fee from vendor's earning","description":""},{"title":"Hide vendor info if admin wants to","description":""}]}},{"version":"Version 3.0.3","released":"2020-04-03","changes":{"Fix":[{"title":"Clear caches on product update","description":""},{"title":"Vendor is not receiving email for new order","description":""},{"title":"Remove weForms promotion from admin setup wizard","description":""}]}},{"version":"Version 3.0.2","released":"2020-03-23","changes":{"Improvement":[{"title":"Added group description to exporters and updated privacy policy guide to drop use of deprecated classes","description":""},{"title":"dokan_get_shipping_processing_times function","description":""},{"title":"Add filter on withdraw export csv args","description":""},{"title":"Get correct product thumbnail size in vendor product list page","description":""}],"Fix":[{"title":"Unable to remove attributes in vendor product edit page","description":""},{"title":"Feature image is not saving on quick edit","description":""},{"title":"Vendor image issue","description":""},{"title":"Set vendor email on new vendor creation","description":""},{"title":"Return content from shortcode instead of being outputting","description":""},{"title":"Map still showing on vendor dashboard settings page even if there is no API key","description":""},{"title":"Product type not saving when quick edit","description":""},{"title":"Render withdraw methods dynamically in setup wizard","description":""},{"title":"Show vendor email to admin and actual vendor","description":""},{"title":"Product type error in dokan_save_product function","description":""},{"title":"Admin is unable to see the setup wizard on new dokan installation when WooCommerce is not installed","description":""},{"title":"Add missing add_meta_query method in dokan REST API","description":""},{"title":"Only render map if api key is availabe in store settings page","description":""},{"title":"Add dokan_get_all_cap_labels function","description":""}]}},{"version":"Version 3.0.1","released":"2020-02-07","changes":{"Fix":[{"title":"Fixed yoast seo causing conflict issue in single store page","description":""},{"title":"Permission issue fixed for shop manager","description":""},{"title":"Handle sales price error if its greater than regular price or empty","description":""},{"title":"Change placeholder text for filter by customer to registered customer","description":""}]}},{"version":"Version 3.0.0","released":"2020-02-03","changes":{"Improvement":[{"title":"Store listing filter styles so that it works with almost any theme","description":""},{"title":"Show notice in dokan admin setup wizard if minimum PHP version is not met for WooCommerce","description":""},{"title":"If dokan pro doesn't exist but commission type is found in database, ignore that saved commission type","description":""},{"title":"Code quality and performance","description":""}],"Fix":[{"title":"Add mapbox option in dokan admin setup wizard","description":""},{"title":"Pass order object into woocommerce_order_item_{type}_html hook","description":""},{"title":"Allow vendor to update store terms and condition with REST API","description":""},{"title":"If show_email is turned off don't show the email in REST API response","description":""},{"title":"Remove space while generating user_name via dokan_generate_username function","description":""},{"title":"If a product is deleted and no vendor is found for that product display (no name) in backend order listing page","description":""}]}},{"version":"Version 2.9.31","released":"2020-01-14","changes":{"Fix":[{"title":"Add option to set dokan store listing page for rendering all stores","description":""}]}},{"version":"Version 2.9.30","released":"2020-01-10","changes":{"New Feature":[{"title":"Grid and List view for store listing page","description":""},{"title":"Store sorting options in store listing page","description":""},{"title":"Add Mapbox as Google map alternative","description":""},{"title":"Add Enfold theme support","description":""}],"Improvement":[{"title":"dokan_get_vendor_by_product function so that it reruns vendor for product variation","description":""}]}},{"version":"Version 2.9.29","released":"2019-12-26","changes":{"Fix":[{"title":"Don't show the admin setup wizard who ran the setup wizard before","description":""},{"title":"Remove non-ascii characters from some file names","description":""},{"title":"Dokan dashboard hamburger menu is not working fixed","description":""},{"title":"Downloadable product grunt and revoke access issue is fixed","description":""}],"Tweak":[{"title":"Added privacy policy info in setup wizard for admin","description":""}]}},{"version":"Version 2.9.28","released":"2019-12-19","changes":{"Improvement":[{"title":"Add privacy policy in readme.","description":""}],"Fix":[{"title":"Sanitize and Escape data before saving and rendering","description":""}]}},{"version":"Version 2.9.27","released":"2019-12-11","changes":{"New Feature":[{"title":"Run Dokan Admin Setup Wizard without being WooCommerce installed","description":""}],"Improvement":[{"title":"Remove empty div from vendor payment settings page","description":""},{"title":"Deleting a attribute from predefined attributes and add the attribute again mess up attributes","description":""},{"title":"Add hooks in order details and admin setup wizard","description":""},{"title":"Pass post_type as a second parameter to the months_dropdown_results hook","description":""}]}},{"version":"Version 2.9.26","released":"2019-11-19","changes":{"Fix":[{"title":"Add option to hide out of stock products in best selling widget.","description":""},{"title":"Make dokan add vendor UI consistent to WordPress UI.","description":""}]}},{"version":"Version 2.9.25","released":"2019-11-12","changes":{"Improvement":[{"title":"Dokan_Commission::prepare_for_calculation() method.","description":""}],"Dev":[{"title":"Add dokan backend settings input required field validation.","description":""}]}},{"version":"Version 2.9.24","released":"2019-11-08","changes":{"Fix":[{"title":"Assets URL localization was creating a problem in frontend vendor shipping area, this has been fixed.","description":""},{"title":"Added a new filter `dokan_get_edit_product_url` to override the product edit URL.","description":""}]}},{"version":"Version 2.9.23 ","released":"2019-11-07","changes":{"New Feature":[{"title":"Add REST API support for store contact form widget","description":""},{"title":"Add Vendor listing page in dokan backend","description":""},{"title":"Add vendor active inactive REST API","description":""}],"Fix":[{"title":"Increase refund table data length to allow more refund items","description":""},{"title":"Withdraw threshold field disappears when commission type is selected in dokan settings","description":""},{"title":"Order listing page shows the same orders when object cache is enabled","description":""},{"title":"Best selling widgets warning in store sidebar","description":""},{"title":"Save store name in vendor's user_meta so that store search form widget works correctly","description":""},{"title":"If percent commission rate is not set while using combine commission calculation is not correct","description":""}],"Dev":[{"title":"Add filter to modify current page id in dokan_is_seller_dashboard function","description":""}],"Localization":[{"title":"Store open and close notice placeholder strings remains untranslated","description":""}]}},{"version":"Version 2.9.22","released":"2019-10-03","changes":{"Fix":[{"title":"Remove duplicate input filed in dokan admin settings form","description":""},{"title":"Make commission value to 0 if no product found","description":""},{"title":"Attribute value's are swapped after changing the order of the attributes","description":""}]}},{"version":"Version 2.9.21","released":"2019-09-24","changes":{"Fix":[{"title":"If state is not found for a country in store settings, remove the state field on reload","description":""},{"title":"Only show vendor's own uploaded media to a vendor.","description":""},{"title":"Add required attribute for various input field in dokan_post_input_box function.","description":""},{"title":"Calculate commission for item by quantity when the commission is set to flat.","description":""}],"Tweak":[{"title":"Introduce Dokan_Commission class to calculate admin and vendor's commission.","description":""},{"title":"Remove unnecessary placeholder in admin commission field.","description":""}]}},{"version":"Version 2.9.20","released":"2019-08-23","changes":{"Fix":[{"title":"Geolocation map settings value is not saving","description":""},{"title":"Fix warning in vendor dashboard widget when seller setup wizard is not run","description":""},{"title":"Store banner height in vendor settings page it not honouring the saved settings","description":""},{"title":"Conflict with avada theme fution builder","description":""}],"Tweak":[{"title":"Use WordPress backend date format while printing date in approved and cancelled withdraw request","description":""}]}},{"version":"Version 2.9.19","released":"2019-07-29","changes":{"Fix":[{"title":"Split orders created from admin dashboard","description":""},{"title":"Add on backorder in product stock management","description":""},{"title":"Dokan dashboard menu returning 404 with the latest version of visual composer plugin","description":""}],"Tweak":[{"title":"Dokan admin settings rearrange","description":""},{"title":"Add compatibility with ultimate member plugin","description":""},{"title":"Add few hooks in product listing template","description":""}]}},{"version":"Version 2.9.18","released":"2019-07-10","changes":{"Fix":[{"title":"Add google map type option field component","description":""},{"title":"Add dokan_array_after helper function","description":""},{"title":"Admin settings default value for multicheck field","description":""}],"Tweak":[{"title":"Remove unnecessary code and add hook after creating parent order","description":""},{"title":"Refactor dokan_get_vendor_by_product function and explicit error checking while using it","description":""}]}},{"version":"Version 2.9.17","released":"2019-06-13","changes":{"Fix":[{"title":"Remove unwanted code to fix conflict with yith plugin","description":""}],"Tweak":[{"title":"Dokan theme support and responsive menu","description":""}]}},{"version":"Version 2.9.16","released":"2019-06-11","changes":{"Fix":[{"title":"Hide hidden and out of stock products in vendor store page","description":""},{"title":"A non-numeric value encountered warning in vendor product listing page, if product price is not given","description":""},{"title":"Add failed order in vendor order listing page","description":""},{"title":"Creating product from admin backend returns 2 instance of the product author","description":""}],"Tweak":[{"title":"Ensure dokan_get_seller_id_by_order filter is always taking effect","description":""},{"title":"Make dokan vendor dashboard responsive","description":""},{"title":"Show admin notice stating WooCommerce is required if not found on dokan installation","description":""},{"title":"Add hook after creating and updating object via dokan REST API","description":""},{"title":"Add dokan_ensure_vendor_coupon filter while ensuring vendor coupon restriction","description":""},{"title":"Add updater class to fix banner issue where store settings and listing template was overridden","description":""},{"title":"Add filter hook while fetching vendor products","description":""},{"title":"Add define method to define plugin constants","description":""}]}},{"version":"Version 2.9.15","released":"2019-05-08","changes":{"Fix":[{"title":"Vendor banner is not showing in the backend edit user profile page","description":""},{"title":"Add filter to allow or skip nonce checking while registering new user","description":""}],"Tweak":[{"title":"Update appsero SDK","description":""}]}},{"version":"Version 2.9.14","released":"2019-04-26","changes":{"Fix":[{"title":"Schedule product price not showing correctly","description":""},{"title":"Backward compatibility for banner and store time","description":""}]}}]
]]>
</system-out>
</testcase>
<testcase name="admin api test get changelog pro" classname="[chromium] › api/admins.spec.ts › admin api test › get changelog pro" time="0.709">
<system-out>
<![CDATA[[{"version":"Version 3.7.9","released":"2022-11-03","changes":{"Fix":[{"title":"Store category filter was not working in the admin panel","description":""},{"title":"SweetAlert library is conflicting with the WooCommerce Conversion Tracking plugin","description":""},{"title":"Fixed a fatal error after installing the `Disable Rest API` plugin","description":""},{"title":"[Geolocation] Store filtering was not working when geolocation was not set in the filters","description":""},{"title":"[DeliveryTime] Delivery time box is showing on admin orders, even though the delivery setting is not enabled","description":""},{"title":"[DeliveryTime] Delivery time box is showing on vendor orders, even though the delivery setting is not enabled","description":""},{"title":"[DeliveryTime] Fixed some warnings on a fresh installation","description":""}]}},{"version":"Version 3.7.8","released":"2022-10-27","changes":{"New":[{"title":"[DeliveryTime] Added per day multiple delivery time slot support","description":""},{"title":"[VendorSubscription\/StripeExpress] Added Stripe Express support for the Vendor Subscription module","description":""},{"title":"[ProductSubscription\/StripeExpress] Added Stripe Express support for the Vendor Product Subscription module","description":""}],"Improvement":[{"title":"[DeliveryTime] Updated vendor delivery time UI.","description":""},{"title":"[DeliveryTime] Added delivery type (Home Delivery\/Store Pickup) settings for admin","description":""},{"title":"[DeliveryTime] Added store pickup time section under vendor dashboard order details page, also under the wooCommerce order details page store pickup-related information is displayed.","description":""},{"title":"[DeliveryTime] Now vendors\u2019 will be able to switch Delivery Time to Store location pickup from the order details page.","description":""},{"title":"[DeliveryTime] Added `Full Day` support for delivery time for both admin and vendors.","description":""},{"title":"[DeliveryTime] Added email notification support for customers after modifying order delivery time from the vendor dashboard.","description":""},{"title":"[DeliveryTime] Added email notification support for customers & vendors after admin updates order delivery time from the wooCommerce admin dashboard order panel.","description":""},{"title":"First day of the delivery time widget was set according to the site settings.","description":""},{"title":"[Stripe Express] Added support for SEPA Direct Debit payment method to be used in favor of iDEAL during recurring vendor subscription","description":""},{"title":"[Stripe Express] Removed Wallet payment methods from Add payment method page as they are not needed there","description":""},{"title":"[Stripe Express] Removed Dokan prefix\/postfix from customer\/vendor end","description":""},{"title":"[Stripe Express] Added theme-changing option for Stripe payment element","description":""},{"title":"[MangoPay] Updated the MangoPay API library to the latest version.","description":""},{"title":"[MangoPay] Set card payin with 3ds2 as mandatory.","description":""}],"Fix":[{"title":"[DeliveryTime] Custom date format isn\u2019t working if the suffix is applied `eg: 1st` now has been fixed","description":""},{"title":"[VariableProduct] Some fields and options are missing for the variations section under the vendor dashboard product edit page","description":""},{"title":"[RequestForQuotation] When there are multiple requests for quotation rules, rules priority wasn\u2019t considered and all the applicable rules were merged.","description":""},{"title":"[Refund] Tax Amount Box takes 3 Decimal Places under vendor dashboard order details page","description":""},{"title":"[Shipping] Fixed shipping cache wasn't removed after a shipping method has been enabled or disabled from the vendor dashboard.","description":""},{"title":"[StripeConnect] `No such customer found` error after changing API credentials of Stripe modules for Dokan Stripe Connect(non-3ds)","description":""},{"title":"[RMA] Fixes when a customer sends a refund request for multiple products, the amount of products shown in the quantity dropdown does not decrease accordingly","description":""},{"title":"[Geolocation] The geolocation map's pop-up on the shop page and the store listing page is not working fixes","description":""},{"title":"**fix:** [VendorAnalytics] Tracking number is not being added to the source file when the Add Tracking Code setting is enabled.","description":""},{"title":"[TableRateShipping\/WPML] table rate shipping vendor settings page wasn't accessible if the site language wasn't set to English.","description":""},{"title":"[TableRateShipping] Shipping Class column hides after switching to a secondary language.","description":""},{"title":"[Elementor] Spaces between paragraphs are too large under the store terms and condition page.","description":""},{"title":"[Stripe Express] UI conflict of payment request button with Astra theme in the single product page","description":""},{"title":"For all payment gateways, announcements and notices to non-connected sellers were showing for inactive withdrawal methods.","description":""}]}},{"version":"Version 3.7.7","released":"2022-10-11","changes":{"Update":[{"title":"[ColorSchemeCustomizer] Product create popup modal color aligned with the selected theme color.","description":""},{"title":"[StoreReview] Moved bulk action fields to the top of the store review lists under the vendor dashboard","description":""},{"title":"[SellerVacation\/Auction] Added vacation mode support for Auction products","description":""},{"title":"[SellerVacation] Added vacation message fields as a required field under the vendor dashboard store settings page.  Previously it was displaying an empty box on the store page if this field was empty.","description":""},{"title":"[Booking] Hide Accommodation Addon types checkboxes from the regular products' edit product page\/form","description":""}],"Fix":[{"title":"[RMA] Fixed the Store Credit Coupon does not include any products at the time of coupon creation","description":""},{"title":"[Booking] Fixed PHP Notice: Undefined index: add_resource_name while creating booking resource with empty resource person","description":""},{"title":"[TableRateShipping] Fixed Vendor Table Rate Shipping's > Method Title does not work correctly","description":""},{"title":"[StoreReview] Fixed unable to translate Guest string","description":""},{"title":"[SellerVacation] Fixed product status doesn't show on the booking product listing page if the vendor enables vacation mode","description":""},{"title":"[Elementor] Fixed store banner and profile images are not showing on the single store page after updating to Dokan Pro 3.7.6","description":""},{"title":"[Elementor] Fixed a deprecation warning that shows up in Query Monitor on the front end of the site","description":""},{"title":"[StoreOpenCloseTime] Fixed console error on shop page","description":""},{"title":"[Auction] Fixed needed to save permalinks for the auction module to work after the WooCommerce Auction plugin is activated","description":""},{"title":"[RequestAQuote] Fixed template files NewQuote.php and UpdateQuote.php have the same ID: dokan_request_new_quote","description":""},{"title":"[VendorSubscription] Fixed the dropdown list of subscription packs on the vendor registration form is not working","description":""},{"title":"[VendorSubscription] Fixed customer becomes vendor form ( showing all subscription packs) while the Dokan subscription module is enabled","description":""},{"title":"[VendorShipping] Fixed after changing the shipping cost from the vendor dashboard, it does not update on the cart by reloading the page","description":""},{"title":"[VendorShipping] Prevent vendors from inputting currency in the \"Flat Rate\" shipping method's cost fields.","description":""}]}},{"version":"Version 3.7.6","released":"2022-09-27","changes":{"Fix":[{"title":"[SPMV] Fixed magnify popup style broken in SPMV search result page","description":""},{"title":"Fixed some warning while bulk publishing products","description":""},{"title":"[Coupons]: Dokan coupon is not applying for the variations if the parent product is selected for that coupon.","description":""},{"title":"[Geolocation] Fixed Map is not loading on some pages","description":""},{"title":"[Vendor Subscription] Some deprecated warnings while creating renewal order for Vendor Subscription.","description":""},{"title":"[Elementor] Fatal error on elementor update when dokan container is not set","description":""},{"title":"[PayPal Marketplace] Smart payment button was not loading","description":""},{"title":"[VendorSubscription] Selecting a child category doesn\u2019t work on child category children.","description":""}]}},{"version":"Version 3.7.5","released":"2022-08-25","changes":{"New":[{"title":"[Auction] Multistep product category implementation for Auction Module","description":""},{"title":"[Booking] Multistep product category implementation for Booking Module","description":""}],"Improvement":[{"title":"No message after clicking the `save changes` button on the vendor dashboard Ship Station settings","description":""},{"title":"Display active and inactive module count under the Dokan module page","description":""},{"title":"[ColorSchemeCustomizer] Added extended supports for Color Scheme Customizer module on frontend","description":""}],"Fix":[{"title":"[StripeConnect] Fixed a deprecated warning `Method WC_Subscriptions::redirect_ajax_add_to_cart is deprecated since version 4.0.0`","description":""},{"title":"[VendorSubscriptionProduct] fixed a deprecated warning `Function WC_Subscriptions::is_duplicate_site is deprecated since version 4.0.0!`","description":""},{"title":"[TableRateShipping] Fixed tooltip not working for table rate shipping under vendor dashboard","description":""},{"title":"[Elementor] Single Store Page templates were not loading on latest version of Elementor","description":""},{"title":"[Elementor] Fixed some deprecated warnings on Dokan Elementor module","description":""}]}},{"version":"Version 3.7.4","released":"2022-08-10","changes":{"New":[{"title":"Introduced a new filter hook named `dokan_progressbar_translated_string`","description":""},{"title":"Product Inline Edit Support Catalog Mode for Products","description":""},{"title":"[Elementor] Single store page Featured, Latest, Best-selling, Top-rated products widget for Elementor module","description":""},{"title":"[Booking] Added Catalog Mode support for Booking Products","description":""},{"title":"[RequestAQuote] Added Catalog Mode support","description":""}],"Improvement":[{"title":"Implement new category UI in product Quick edit and bulk edit in vendor dashboard.","description":""},{"title":"Load asset (css\/js) files only on required pages","description":""}],"Fix":[{"title":"Skrill payment gateway shows disconnect button for new vendors even though it is not connected.","description":""},{"title":"Delete coupon cache for marketplace coupon after seller account has been deleted.","description":""},{"title":"[WireCard\/Moip] Wirecard payment gateway showed under vendor withdraw options when the module is enabled regardless of the payment method enabled in WooCommerce","description":""},{"title":"PHP warning for vendor shipment status email template","description":""},{"title":"Updated Pending Product - email was sent for already published products if the setting is enabled for a vendor: Publish Product Directly.","description":""},{"title":"Changing withdraw method doesn't always show Withdraw Method Changed Modal window for withdraw disbursement feature under Dokan admin settings.","description":""},{"title":"[Refund] Translation issue on refund required parameters","description":""},{"title":"[MangoPay] KYC documents were being `Out of Date` in some cases.","description":""},{"title":"[Geolocation] Filter by the vendor wasn't working if the Show Filters Before Location Map setting is turned off from the Geolocation admin setting","description":""},{"title":"[Stripe Express] Error on adding payment method from My Account -> Add Payment Method page when the gateway setup process wasn't completed.","description":""},{"title":"[StripeConnect] Fixed redirect URL mismatch with stripe oAuth redirect URL","description":""},{"title":"[StripeConnect] Fixed invalid redirect url issue after vendor connect their account with stripe","description":""},{"title":"[OrderMinMax] Fixed fatal error while calling filter product API from Request a Quote module","description":""},{"title":"[ProductAdvertisement] Fixed 3 warnings on the home page if the Product advertisement module is active","description":""},{"title":"[Elementor] Fixed single store page products broken layout of Elementor widgets on Storefront theme","description":""},{"title":"[VendorSubscription] Categories restriction wasn't working when restrict categories was enabled from vendor subscription prod
[...]
nd request in seller dashboard"},{"title":"Coupon Validation","description":"Ensure coupon works on vendors product not the cart"},{"title":"Best Selling and Top Rated Widget","description":"Remove subscription product from best selling and top rated product widget"},{"title":"Subscription Renew and Cancellation","description":"Subscription renew and cancellation with PayPal"}]}},{"version":"Version 2.9.9","released":"2019-05-15","changes":{"Improvement":[{"title":"Report Abuse Module thumbnail","description":"Add thumbnail and description of report abuse module"},{"title":"Social login and vendor verification","description":"Refactor social login and vendor verification module"},{"title":"Change Moip brand to wirecard","description":"Rename Moip to Wirecard payment gateway"}],"Fix":[{"title":"Translation issue","description":"Make coupon strings translatable"}]}},{"version":"Version 2.9.8","released":"2019-05-07","changes":{"New":[{"title":"Report Abuse","description":"Customer will be able to report against product."},{"title":"Vendor Add Edit","description":"Admin will be able to create new Vendor from the backend"},{"title":"Dokan Booking","description":"Add restricted days functionality in dokan booking module"},{"title":"Single Product Multi Vendor","description":"Enable SPMV for admins to duplicate products from admin panel"},{"title":"Vendor Shipping","description":"Add wildcard and range matching for vendor shipping zone"}],"Improvement":[{"title":"Deprecated Functions","description":"Replace get_woocommerce_term_meta with get_term_meta as it was deprecated"}],"Fix":[{"title":"Store Category","description":"Fix store category list table search form"},{"title":"Duplicate Subscription Form","description":"Subscription form is rendering twice in registration form"},{"title":"Subscription Cancellation","description":"Cancel subscription doesn't work for manually assigned subscription"}]}},{"version":"Version 2.9.7","released":"2019-03-25","changes":{"New":[{"title":"Store Category","description":"Vendor will be able to register under specefic cateogry. ei(Furniture, Mobile)"},{"title":"YITH WC Brand Compatible","description":"Make Dokan YITH WC Brand add-on compatible"},{"title":"Date and refund column in admin logs area","description":"Add date and refund column in admin logs area to get more detaild overview."},{"title":"Product Status","description":"Change product status according to subscription status"}],"Improvement":[{"title":"Trial Subscription","description":"When a vendor subscribe to a trial subscription, make all other trial to non-trial subscription for that vendor"}],"Fix":[{"title":"Show button for non logged-in user","description":"Show button for non logged-in user"},{"title":"Refund Calculation Issue","description":"Send refund admin commission to customer"},{"title":"Error on subscription cancellation email","description":"There was an error on subscription cancellation, which has been fixed in this release."},{"title":"Social Login Issue","description":"Update social login and vendor verification API"}]}},{"version":"Version 2.9.5","released":"2019-02-18","changes":{"New":[{"title":"Automate order refund process via stripe","description":"Vendor can now send automatic refund to their customer from vendor order dashboard"},{"title":"Add trial subscription (Subscription Module)","description":"Admin can now offer trail subscription for vendors"},{"title":"Product type & gallery image restriction","description":"Admin can now restrict product type & gallery image upload for vendor subscription"},{"title":"Privacy and Policy","description":"Admin can configure privacy policy info for frontend product enquiry form"}],"Fix":[{"title":"Email notification for store follow","description":"Now vendor can get email notification on store follows and unfollows"},{"title":"Unable to select country or state in vendor shipping","description":"Country dropdown not working in shipping and announcement"},{"title":"Admin report logs calculation issue is fixed in admin dashboard","description":"Some calculation issue fixed in admin reports"}]}},{"version":"Version 2.9.4","released":"2019-01-23","changes":{"New":[{"title":"Wholesale Module(Business, Enterprise Package)","description":"Added new Wholesale module. Vendor can offer wholesale price for his\/her products."},{"title":"Return and Warranty Module(Professional, Business, Enterprise Package)","description":"Vendor can offer warranty and return system for their products and customer can take this warranty offers"},{"title":"Subscription cancellation email","description":"Now admin can get email if any subscription is cancelled by vendor"},{"title":"Subscription Unlimited pack","description":"Admin can offer unlimited package for vendor subscription"}],"Fix":[{"title":"MOIP Gateway connection issue","description":"Change some gateway api params for connection moip gateway"}]}},{"version":"Version 2.9.3","released":"2018-12-18","changes":{"New":[{"title":"ShipStation Module(Business, Enterprise Package)","description":"Added new ShipStation module"},{"title":"Follow Store Module(Professional, Business, Enterprise Package)","description":"Added Follow Store module"},{"title":"Product Quick Edit","description":"Added Quick edit option for product in vendor dashboard."},{"title":"Searching Option","description":"Add searching option in dokan vendor and refund page"}],"Improvement":[{"title":"Admin Tools & Subscription Page Improvement","description":"Rewrite admin tools & subscription page in vue js"}],"Fix":[{"title":"Filter form & Map in Category Page","description":"Show filter form and map in product category pages (geolocation module)"},{"title":"Bookable Product Commission","description":"Add per product commission option for bookable product"},{"title":"Refund Calculation Issue","description":"Refund calculation is wrong when shipping fee recipient is set to vendor"},{"title":"Bulk Refund is Not Working","description":"Approving batch refund is not working in admin backend"},{"title":"Product Stock Issue on Refund","description":"Increase stock amount if the product is refunded"},{"title":"Category Restriction Issue","description":"Booking product category restriction for subscription pack is not working"}]}},{"version":"Version 2.9.2","released":"2018-11-09","changes":{"New":[{"title":"Geolocation Module","description":"Added zoom level settings in geolocation module."},{"title":"Zone Wise Shipping","description":"Added shipping policy and processing time settings in zone wise shipping."},{"title":"Rest API for Store Reviews","description":"Added rest API support for store review post type."}],"Fix":[{"title":"Show Tax on Bookable Product","description":"Show tax on bookable product for vendor"},{"title":"Product Importing Issue for Subscribed Vendor","description":"Allow vendor to import only allowed number of products."},{"title":"Product and Order Discount Issue","description":"Product and order discount for vendor is not working."},{"title":"Shipping Class Issue","description":"Shipping class is not saving for bookable product."}]}},{"version":"Version 2.9.0","released":"2018-10-03","changes":{"New":[{"title":"Geolocation Module","description":"Enable this module to let the customers search for a specific product or vendor using any location they want."},{"title":"Moip Payment Gateway","description":"Use one of the most popular payment system known for it's efficiency with Dokan."},{"title":"Allow Vendor to crate tags","description":"Your vendors don't need to rely on prebuilt tags anymore. Now they can create their own in seconds"},{"title":"Responsive Admin Pages","description":"All the admin backend pages is now responsive for all devices"},{"title":"Staff email for New Order","description":"Staff will able to get all emails for new order from customer"}]}},{"version":"Version 2.8.3","released":"2018-07-19","changes":{"Fix":[{"title":"Live Chat Module","description":"Right now the chat box is available in customer my account page and also make responsive chat box window"},{"title":"Statement and Refund","description":"Change core table structure for refund and statements. Now its easy to understand for vendor to check her statements. Also fixed statement exporting problem"},{"title":"Zone wise Shipping","description":"Shipping state rendering issue fixed. If any country have no states then states not showing undefine problem"},{"title":"Stripe Module","description":"Card is automatically saved if customer does not want to save his\/her card info during checkout"}]}},{"version":"Version 2.8.2","released":"2018-06-29","changes":{"New":[{"title":"Live Chat Module","description":"Vendors will now be able to provide live chat support to visitors and customers through this TalkJS integration. Talk from anywhere in your store, add attachments, get desktop notifications, enable email notifications, and store all your messages safely in Vendor Inbox"},{"title":"Added Refund and Announcement REST API","description":"Admins can now modify refund and announcement section of Dokan easily through the Rest API"}],"Fix":[{"title":"Local pickup is visible when the cost is set to zero","description":"When local pickup cost in Dokan Zone-wise shipping is set to zero it will show on the cart\/checkout page"},{"title":"Store Support ticket is visible in customer dashboard support menu","description":"Now customers can view the support tickets they create in My Account> support ticket area"},{"title":"Added tax and shipping functionalities in auction product","description":"Now admins can add shipping and tax rates for auction able product"},{"title":"Appearance module for admins","description":"Now Admins can view Color Customizer settings in backend without any problem"},{"title":"Unable to delete vendor form admin panel","description":"Admin was unable to delete a vendor from admin panel"}]}},{"version":"Version 2.8.0","released":"2018-05-01","changes":{"New":[{"title":"Introduction of REST APIs","description":"We have introduced REST APIs in dokan"},{"title":"Zone wise shipping","description":"We have introduced zone wise shipping functionality similar to WooCommerce in dokan."},{"title":"Earning suggestion for variable product","description":"As like simple product, vendor will get to see the earning suggestion for variable product as well"},{"title":"Confirmation on subscription cancellation","description":"Cancellation of a subscription pack will ask for confirmation"}],"Improvement":[{"title":"Disable back end access for vendor staff","description":"Disable back end access for vendor staff for security purpose"},{"title":"Updated deprecated functions","description":"Updated some deprecated functions"},{"title":"Statement calculation","description":"Statement calculation"},{"title":"Reduction of 'dokan' text from staff permission","description":"Reduction of 'dokan' text from staff permission"},{"title":"Various UI, UX improvement","description":"Various UI, UX improvement"}],"Fix":[{"title":"Unable to login with social media","description":"Customer, Seller was unable to login with social media"},{"title":"CSV earning report exporting","description":"There were an issue with CSV report exporting from back end"},{"title":"Unable to delete vendor form admin panel","description":"Admin was unable to delete a vendor from admin panel"},{"title":"Seller setup wizard is missing during email verification","description":"Seller setup wizard after a seller is verified by email was missing"},{"title":"Subscription Free pack visibility","description":"Hide subscription product type from back end when a seller can access the back end"}]}}]
]]>
</system-out>
</testcase>
<testcase name="admin api test get getAdminNotices" classname="[chromium] › api/admins.spec.ts › admin api test › get getAdminNotices" time="0.719">
<system-out>
<![CDATA[[
  {
    type: [32m'alert'[39m,
    title: [32m'Activate Dokan Pro License'[39m,
    description: [32m'Please <a href="http://dokan1.test/wp-admin/admin.php?page=dokan_updates">enter</a> your valid <strong>Dokan Pro</strong> plugin license key to unlock more features, premium support and future updates.'[39m,
    priority: [33m1[39m,
    actions: [ [36m[Object][39m ]
  },
  {
    type: [32m'success'[39m,
    title: [32m'Dokan WooCommerce Booking Integration module is almost ready!'[39m,
    description: [32m'You just need to activate the <strong>WooCommerce Booking</strong> plugin to make it functional.'[39m,
    priority: [33m10[39m,
    actions: [ [36m[Object][39m ]
  },
  {
    type: [32m'alert'[39m,
    title: [32m'Dokan Stripe Connect module is almost ready!'[39m,
    description: [32m'Please insert Live <strong>Stripe</strong> credential to use Live Mode'[39m,
    priority: [33m10[39m,
    actions: [ [36m[Object][39m ]
  },
  {
    type: [32m'alert'[39m,
    description: [32m'<strong>Dokan Stripe Connect</strong> requires <strong>SSL</strong>'[39m,
    priority: [33m10[39m
  },
  {
    type: [32m'success'[39m,
    title: [32m'Dokan Product Addon module is almost ready!'[39m,
    description: [32m'You just need to activate the <strong>WooCommerce Product Addons</strong> plugin to make it functional.'[39m,
    priority: [33m10[39m,
    actions: [ [36m[Object][39m ]
  },
  {
    type: [32m'alert'[39m,
    title: [32m'Dokan Elementor module is almost ready!'[39m,
    description: [32m'Dokan Elementor module requires both <a href="https://wordpress.org/plugins/elementor/" target="_blank">Elementor</a> and <a href="https://elementor.com/pro/" target="_blank">Elementor Pro</a> to be activated'[39m,
    priority: [33m10[39m
  }
]
]]>
</system-out>
</testcase>
<testcase name="admin api test get admin promo notices " classname="[chromium] › api/admins.spec.ts › admin api test › get admin promo notices " time="1.413">
<system-out>
<![CDATA[[]
]]>
</system-out>
</testcase>
<testcase name="admin api test get admin logs " classname="[chromium] › api/admins.spec.ts › admin api test › get admin logs " time="0.45">
<system-out>
<![CDATA[[
  {
    order_id: [32m'246'[39m,
    vendor_id: [32m'1'[39m,
    vendor_name: [32m'vendorstore151'[39m,
    previous_order_total: [32m'525.00'[39m,
    order_total: [32m'525.00'[39m,
    vendor_earning: [32m'475.00'[39m,
    commission: [32m'50.00'[39m,
    dokan_gateway_fee: [33m0[39m,
    gateway_fee_paid_by: [32m''[39m,
    shipping_total: [32m'0.00'[39m,
    tax_total: [32m'25.00'[39m,
    status: [32m'Pending payment'[39m,
    date: [32m'2022-11-23 13:11:01'[39m,
    has_refund: [33mfalse[39m
  },
  {
    order_id: [32m'245'[39m,
    vendor_id: [32m'1'[39m,
    vendor_name: [32m'vendorstore151'[39m,
    previous_order_total: [32m'525.00'[39m,
    order_total: [32m'525.00'[39m,
    vendor_earning: [32m'475.00'[39m,
    commission: [32m'50.00'[39m,
    dokan_gateway_fee: [33m0[39m,
    gateway_fee_paid_by: [32m''[39m,
    shipping_total: [32m'0.00'[39m,
    tax_total: [32m'25.00'[39m,
    status: [32m'Pending payment'[39m,
    date: [32m'2022-11-23 13:08:31'[39m,
    has_refund: [33mfalse[39m
  },
  {
    order_id: [32m'244'[39m,
    vendor_id: [32m'1'[39m,
    vendor_name: [32m'vendorstore151'[39m,
    previous_order_total: [32m'525.00'[39m,
    order_total: [32m'525.00'[39m,
    vendor_earning: [32m'475.00'[39m,
    commission: [32m'50.00'[39m,
    dokan_gateway_fee: [33m0[39m,
    gateway_fee_paid_by: [32m''[39m,
    shipping_total: [32m'0.00'[39m,
    tax_total: [32m'25.00'[39m,
    status: [32m'Pending payment'[39m,
    date: [32m'2022-11-23 13:08:03'[39m,
    has_refund: [33mfalse[39m
  },
  {
    order_id: [32m'243'[39m,
    vendor_id: [32m'1'[39m,
    vendor_name: [32m'vendorstore151'[39m,
    previous_order_total: [32m'525.00'[39m,
    order_total: [32m'525.00'[39m,
    vendor_earning: [32m'475.00'[39m,
    commission: [32m'50.00'[39m,
    dokan_gateway_fee: [33m0[39m,
    gateway_fee_paid_by: [32m''[39m,
    shipping_total: [32m'0.00'[39m,
    tax_total: [32m'25.00'[39m,
    status: [32m'Pending payment'[39m,
    date: [32m'2022-11-23 11:06:23'[39m,
    has_refund: [33mfalse[39m
  },
  {
    order_id: [32m'242'[39m,
    vendor_id: [32m'1'[39m,
    vendor_name: [32m'vendorstore151'[39m,
    previous_order_total: [32m'105.00'[39m,
    order_total: [32m'105.00'[39m,
    vendor_earning: [32m'95.00'[39m,
    commission: [32m'10.00'[39m,
    dokan_gateway_fee: [33m0[39m,
    gateway_fee_paid_by: [32m''[39m,
    shipping_total: [32m'0.00'[39m,
    tax_total: [32m'5.00'[39m,
    status: [32m'Pending payment'[39m,
    date: [32m'2022-11-23 11:04:05'[39m,
    has_refund: [33mfalse[39m
  },
  {
    order_id: [32m'236'[39m,
    vendor_id: [32m'1'[39m,
    vendor_name: [32m'vendorstore151'[39m,
    previous_order_total: [32m'15.75'[39m,
    order_total: [32m'15.75'[39m,
    vendor_earning: [33m0[39m,
    commission: [32m'15.75'[39m,
    dokan_gateway_fee: [33m0[39m,
    gateway_fee_paid_by: [32m''[39m,
    shipping_total: [32m'0.00'[39m,
    tax_total: [32m'0.75'[39m,
    status: [32m'Completed'[39m,
    date: [32m'2022-11-23 01:16:45'[39m,
    has_refund: [33mfalse[39m
  },
  {
    order_id: [32m'169'[39m,
    vendor_id: [32m'1'[39m,
    vendor_name: [32m'vendorstore151'[39m,
    previous_order_total: [32m'50.00'[39m,
    order_total: [32m'50.00'[39m,
    vendor_earning: [33m0[39m,
    commission: [32m'50.00'[39m,
    dokan_gateway_fee: [33m0[39m,
    gateway_fee_paid_by: [32m''[39m,
    shipping_total: [32m'0.00'[39m,
    tax_total: [32m'0.00'[39m,
    status: [32m'Completed'[39m,
    date: [32m'2022-11-22 14:47:24'[39m,
    has_refund: [33mfalse[39m
  },
  {
    order_id: [32m'168'[39m,
    vendor_id: [32m'9'[39m,
    vendor_name: [32m''[39m,
    previous_order_total: [32m'525.00'[39m,
    order_total: [32m'525.00'[39m,
    vendor_earning: [32m'475.00'[39m,
    commission: [32m'50.00'[39m,
    dokan_gateway_fee: [33m0[39m,
    gateway_fee_paid_by: [32m''[39m,
    shipping_total: [32m'0.00'[39m,
    tax_total: [32m'25.00'[39m,
    status: [32m'Completed'[39m,
    date: [32m'2022-11-22 14:42:03'[39m,
    has_refund: [33mfalse[39m
  },
  {
    order_id: [32m'166'[39m,
    vendor_id: [32m'2'[39m,
    vendor_name: [32m'vendorstore2'[39m,
    previous_order_total: [32m'105.00'[39m,
    order_total: [32m'0.00'[39m,
    vendor_earning: [32m'0.00'[39m,
    commission: [32m'0.00'[39m,
    dokan_gateway_fee: [33m0[39m,
    gateway_fee_paid_by: [32m''[39m,
    shipping_total: [32m'0.00'[39m,
    tax_total: [32m'5.00'[39m,
    status: [32m'Refunded'[39m,
    date: [32m'2022-11-22 14:38:08'[39m,
    has_refund: [33mtrue[39m
  },
  {
    order_id: [32m'24'[39m,
    vendor_id: [32m'2'[39m,
    vendor_name: [32m'vendorstore2'[39m,
    previous_order_total: [32m'120.00'[39m,
    order_total: [32m'120.00'[39m,
    vendor_earning: [32m'110.00'[39m,
    commission: [32m'10.00'[39m,
    dokan_gateway_fee: [33m0[39m,
    gateway_fee_paid_by: [32m''[39m,
    shipping_total: [32m'10.00'[39m,
    tax_total: [32m'10.00'[39m,
    status: [32m'Cancelled'[39m,
    date: [32m'2022-10-31 16:06:56'[39m,
    has_refund: [33mfalse[39m
  }
]
]]>
</system-out>
</testcase>
<testcase name="admin api test get admin export logs " classname="[chromium] › api/admins.spec.ts › admin api test › get admin export logs " time="0.495">
<system-out>
<![CDATA[{
  success: [33mtrue[39m,
  data: {
    step: [33m2[39m,
    percentage: [33m71[39m,
    columns: {
      order_id: [32m'Order ID'[39m,
      vendor_id: [32m'Vendor ID'[39m,
      vendor_name: [32m'Vendor Name'[39m,
      previous_order_total: [32m'Previous Order Total'[39m,
      order_total: [32m'Order Total'[39m,
      vendor_earning: [32m'Vendor Earning'[39m,
      commission: [32m'Commission'[39m,
      dokan_gateway_fee: [32m'Gateway Fee'[39m,
      gateway_fee_paid_by: [32m'Gateway Fee Paid By'[39m,
      shipping_total: [32m'Shipping'[39m,
      tax_total: [32m'Tax'[39m,
      status: [32m'Status'[39m,
      date: [32m'Date'[39m
    }
  }
}
]]>
</system-out>
</testcase>
</testsuite>
</testsuites>